Arguments: 
  /usr/bin/nodejs /usr/bin/yarn install

PATH: 
  /home/dinh.van.tai/bin:/home/dinh.van.tai/.local/bin:/usr/local/sbin:/usr/local/bin:/usr/sbin:/usr/bin:/sbin:/bin:/usr/games:/usr/local/games:/snap/bin

Yarn version: 
  0.27.5

Node version: 
  8.4.0

Platform: 
  linux x64

npm manifest: 
  {
    "name": "react-training",
    "version": "1.0.0",
    "main": "index.js",
    "repository": "https://github.com/dinhvantai/react-training.git",
    "license": "MIT"
    "description": "Simple todo",
    "author": "DinhTai",
    "scripts": {
      "watch": "webpack -d --watch --config webpack.dev.js",
      "build": "webpack -p --config webpack.prod.js",
      "deploy": "yarn run build && gh-pages -d dist",
      "start": "webpack-dev-server --config webpack.dev.js --open"
    },
    "dependencies": {
      "autoprefixer": "^7.1.3",
      "css-loader": "^0.28.5",
      "html-webpack-plugin": "^2.30.1",
      "node-sass": "^4.5.3",
      "path": "^0.12.7",
      "postcss-import": "^10.0.0",
      "postcss-loader": "^2.0.6",
      "precss": "^2.0.0",
      "react": "^15.6.1",
      "react-dom": "^15.6.1",
      "sass-loader": "^6.0.6",
      "style-loader": "^0.18.2"
    },
    "devDependencies": {
      "babel-core": "^6.26.0",
      "babel-loader": "^7.1.2",
      "babel-preset-es2015": "^6.24.1",
      "babel-preset-react": "^6.24.1",
      "cross-env": "^5.0.5",
      "gh-pages": "^1.0.0",
      "webpack": "^3.5.5",
      "webpack-dev-server": "^2.7.1",
      "webpack-merge": "^4.1.0"
    }
  }

yarn manifest: 
  No manifest

Lockfile: 
  No lockfile

Trace: 
  SyntaxError: /home/dinh.van.tai/Work/React/react-training/package.json: Unexpected string in JSON at position 163
      at JSON.parse (<anonymous>)
      at /usr/lib/node_modules/yarn/lib/util/fs.js:554:57
      at Generator.next (<anonymous>)
      at step (/usr/lib/node_modules/yarn/node_modules/babel-runtime/helpers/asyncToGenerator.js:17:30)
      at /usr/lib/node_modules/yarn/node_modules/babel-runtime/helpers/asyncToGenerator.js:28:13
      at <anonymous>
